<?xml version="1.0" encoding="UTF-8"?>
<testng-results skipped="0" failed="0" ignored="0" total="1" passed="1">
  <reporter-output>
  </reporter-output>
  <suite name="org.pine.test.BasicTest" duration-ms="908" started-at="2020-07-13T23:32:35 CST" finished-at="2020-07-13T23:32:36 CST">
    <groups>
    </groups>
    <test name="Command line test" duration-ms="908" started-at="2020-07-13T23:32:35 CST" finished-at="2020-07-13T23:32:36 CST">
      <class name="org.pine.test.BasicTest">
        <test-method status="PASS" signature="basicTest()[pri:0, instance:org.pine.test.BasicTest@cb5822]" name="basicTest" duration-ms="878" started-at="2020-07-13T23:32:35 CST" finished-at="2020-07-13T23:32:36 CST">
          <reporter-output>
          </reporter-output>
        </test-method> <!-- basicTest -->
      </class> <!-- org.pine.test.BasicTest -->
    </test> <!-- Command line test -->
  </suite> <!-- org.pine.test.BasicTest -->
</testng-results>
